{
  "0 debug pnpm:scope": {
    "selected": 1
  },
  "1 error pnpm": {
    "code": "ELIFECYCLE",
    "errno": "ENOENT",
    "syscall": "spawn",
    "file": "sh",
    "pkgid": "create-astro-starter@0.13.4",
    "stage": "dev",
    "script": "astro dev",
    "pkgname": "create-astro-starter",
    "err": {
      "name": "pnpm",
      "message": "create-astro-starter@0.13.4 dev: `astro dev`\nspawn ENOENT",
      "code": "ELIFECYCLE",
      "stack": "pnpm: create-astro-starter@0.13.4 dev: `astro dev`\nspawn ENOENT\n    at ChildProcess.<anonymous> (/usr/local/lib/node_modules/pnpm/dist/pnpm.cjs:93448:22)\n    at ChildProcess.emit (node:events:513:28)\n    at maybeClose (node:internal/child_process:1093:16)\n    at Process.ChildProcess._handle.onexit (node:internal/child_process:302:5)"
    }
  },
  "2 warn pnpm:global": " Local package.json exists, but node_modules missing, did you mean to install?"
}